<?xml version="1.0" encoding="UTF-8"?>
<!-- Generated by org.testng.reporters.JUnitReportReporter -->
<testsuite hostname="LAPTOP-CSB2KRLH" failures="0" tests="1" name="Academy.ValidateNavigationBar" time="0.048" errors="0" timestamp="28 May 2022 04:55:36 GMT">
  <testcase classname="Academy.ValidateNavigationBar" name="basePageNavigation" time="0.048"/>
</testsuite> <!-- Academy.ValidateNavigationBar -->
