<?xml version="1.0" encoding="UTF-8"?>
<!-- Generated by org.testng.reporters.JUnitReportReporter -->
<testsuite hostname="LAPTOP-CSB2KRLH" failures="0" tests="1" name="Academy.ValidateNavigationBar" time="0.091" errors="0" timestamp="24 Oct 2020 06:58:44 GMT">
  <testcase classname="Academy.ValidateNavigationBar" name="basePageNavigation" time="0.091"/>
</testsuite> <!-- Academy.ValidateNavigationBar -->
