<?xml version="1.0" encoding="UTF-8"?>
<!-- Generated by org.testng.reporters.JUnitReportReporter -->
<testsuite hostname="LAPTOP-CSB2KRLH" failures="0" tests="1" name="cucumberOptions.TestRunner" time="11.507" errors="0" timestamp="25 Dec 2020 01:29:22 GMT">
  <testcase classname="cucumberOptions.TestRunner" name="feature" time="11.507"/>
</testsuite> <!-- cucumberOptions.TestRunner -->
