<?xml version="1.0" encoding="UTF-8"?>
<!-- Generated by org.testng.reporters.JUnitReportReporter -->
<testsuite hostname="LAPTOP-CSB2KRLH" failures="0" tests="2" name="Academy.ValidateTitle" time="0.169" errors="0" timestamp="24 Oct 2020 06:58:44 GMT">
  <testcase classname="Academy.ValidateTitle" name="validateHeader" time="0.058"/>
  <testcase classname="Academy.ValidateTitle" name="validateAppTitle" time="0.111"/>
</testsuite> <!-- Academy.ValidateTitle -->
