<?xml version="1.0" encoding="UTF-8"?>
<!-- Generated by org.testng.reporters.JUnitReportReporter -->
<testsuite hostname="LAPTOP-CSB2KRLH" failures="0" tests="1" name="Academy.TitleValidate" time="10.209" errors="0" timestamp="10 Oct 2020 07:24:16 GMT">
  <testcase classname="Academy.TitleValidate" name="basePageNavigation" time="10.209"/>
</testsuite> <!-- Academy.TitleValidate -->
