<?xml version="1.0" encoding="UTF-8"?>
<!-- Generated by org.testng.reporters.JUnitReportReporter -->
<testsuite hostname="LAPTOP-CSB2KRLH" failures="0" tests="2" name="Academy.HomePage" time="24.642" errors="0" timestamp="10 Oct 2020 07:05:34 GMT">
  <testcase classname="Academy.HomePage" name="basePageNavigation" time="12.850"/>
  <testcase classname="Academy.HomePage" name="basePageNavigation" time="11.792"/>
</testsuite> <!-- Academy.HomePage -->
