<?xml version="1.0" encoding="UTF-8"?>
<!-- Generated by org.testng.reporters.JUnitReportReporter -->
<testsuite hostname="LAPTOP-CSB2KRLH" failures="0" tests="2" name="Academy.ValidateTitle" time="0.040" errors="0" timestamp="28 May 2022 04:55:36 GMT">
  <testcase classname="Academy.ValidateTitle" name="validateAppTitle" time="0.024"/>
  <testcase classname="Academy.ValidateTitle" name="validateHeader" time="0.016"/>
</testsuite> <!-- Academy.ValidateTitle -->
