<?xml version="1.0" encoding="UTF-8"?>
<!-- Generated by org.testng.reporters.JUnitReportReporter -->
<testsuite hostname="LAPTOP-CSB2KRLH" name="cucumberOptions.TestRunner" tests="2" failures="0" timestamp="24 Oct 2020 07:04:20 GMT" time="19.629" errors="0">
  <testcase name="feature" time="9.412" classname="cucumberOptions.TestRunner"/>
  <testcase name="feature" time="10.217" classname="cucumberOptions.TestRunner"/>
</testsuite> <!-- cucumberOptions.TestRunner -->
