<?xml version="1.0" encoding="UTF-8"?>
<!-- Generated by org.testng.reporters.JUnitReportReporter -->
<testsuite hostname="LAPTOP-CSB2KRLH" name="Academy.ValidateTitle" tests="4" failures="0" timestamp="5 Aug 2021 15:48:44 GMT" time="0.156" errors="0">
  <testcase name="validateHeader" time="0.045" classname="Academy.ValidateTitle"/>
  <testcase name="validateAppTitle" time="0.033" classname="Academy.ValidateTitle"/>
  <testcase name="validateHeader" time="0.040" classname="Academy.ValidateTitle"/>
  <testcase name="validateAppTitle" time="0.038" classname="Academy.ValidateTitle"/>
</testsuite> <!-- Academy.ValidateTitle -->
