<?xml version="1.0" encoding="UTF-8"?>
<!-- Generated by org.testng.reporters.JUnitReportReporter -->
<testsuite hostname="LAPTOP-CSB2KRLH" name="Academy.ValidateTitle" tests="4" failures="0" timestamp="28 May 2022 05:01:57 GMT" time="0.210" errors="0">
  <testcase name="validateAppTitle" time="0.035" classname="Academy.ValidateTitle"/>
  <testcase name="validateAppTitle" time="0.067" classname="Academy.ValidateTitle"/>
  <testcase name="validateHeader" time="0.016" classname="Academy.ValidateTitle"/>
  <testcase name="validateHeader" time="0.092" classname="Academy.ValidateTitle"/>
</testsuite> <!-- Academy.ValidateTitle -->
