<?xml version="1.0" encoding="UTF-8"?>
<!-- Generated by org.testng.reporters.JUnitReportReporter -->
<testsuite hostname="LAPTOP-CSB2KRLH" name="Academy.ValidateHomePage" tests="2" failures="0" timestamp="5 Aug 2021 15:48:44 GMT" time="18.245" errors="0">
  <testcase name="ValidateLogIn" time="10.687" classname="Academy.ValidateHomePage"/>
  <testcase name="ValidateLogIn" time="7.558" classname="Academy.ValidateHomePage"/>
</testsuite> <!-- Academy.ValidateHomePage -->
