<?xml version="1.0" encoding="UTF-8"?>
<!-- Generated by org.testng.reporters.JUnitReportReporter -->
<testsuite hostname="LAPTOP-CSB2KRLH" name="Academy.ValidateNavigationBar" tests="2" failures="0" timestamp="5 Aug 2021 15:48:44 GMT" time="0.383" errors="0">
  <testcase name="basePageNavigation" time="0.070" classname="Academy.ValidateNavigationBar"/>
  <testcase name="basePageNavigation" time="0.313" classname="Academy.ValidateNavigationBar"/>
</testsuite> <!-- Academy.ValidateNavigationBar -->
