<?xml version="1.0" encoding="UTF-8"?>
<!-- Generated by org.testng.reporters.JUnitReportReporter -->
<testsuite hostname="LAPTOP-CSB2KRLH" name="Academy.ValidateNavigationBar" tests="2" failures="0" timestamp="28 May 2022 05:01:57 GMT" time="0.248" errors="0">
  <testcase name="basePageNavigation" time="0.158" classname="Academy.ValidateNavigationBar"/>
  <testcase name="basePageNavigation" time="0.090" classname="Academy.ValidateNavigationBar"/>
</testsuite> <!-- Academy.ValidateNavigationBar -->
